INFO:  latexindent version 3.23.6, 2024-01-17, a script to indent .tex files
       latexindent lives here: /usr/share/texlive/texmf-dist/scripts/latexindent/
       Mon Apr  6 11:10:56 2026
       Filename: Architecture_ESP32.tex
INFO:  Processing switches:
       -w|--overwrite: Overwrite mode active, will make a back up before overwriting
INFO:  Directory for backup files and indent.log:
       .
INFO:  YAML settings read: defaultSettings.yaml
       Reading defaultSettings.yaml from /usr/share/texlive/texmf-dist/scripts/latexindent/defaultSettings.yaml
INFO:  YAML reading settings
       Home directory is /home/miguel
       latexindent.pl didn't find indentconfig.yaml or .indentconfig.yaml
       see all possible locations: https://latexindentpl.readthedocs.io/en/latest/sec-appendices.html#indentconfig-options)
INFO:  Backup procedure (-w flag active):
       Backing up Architecture_ESP32.tex to ./Architecture_ESP32.bak0...
       Architecture_ESP32.tex will be overwritten after indentation
INFO:  Phase 1: searching for objects
INFO:  Phase 2: finding surrounding indentation
INFO:  Phase 3: indenting objects
INFO:  Phase 4: final indentation check
INFO:  Output routine:
       Overwriting file Architecture_ESP32.tex
       --------------
INFO:  Please direct all communication/issues to:
        https://github.com/cmhughes/latexindent.pl
